# JRE version: OpenJDK Runtime Environment (7.0_79-b14) (build 1.7.0_79-b14)
# Java VM: OpenJDK Server VM (24.79-b02 mixed mode linux-x86 )
Heap
 PSYoungGen      total 8960K, used 8944K [0xa85c0000, 0xa8f80000, 0xb3080000)
  eden space 7936K, 100% used [0xa85c0000,0xa8d80000,0xa8d80000)
  from space 1024K, 98% used [0xa8d80000,0xa8e7c020,0xa8e80000)
  to   space 1024K, 0% used [0xa8e80000,0xa8e80000,0xa8f80000)
 ParOldGen       total 19968K, used 2355K [0x93080000, 0x94400000, 0xa85c0000)
  object space 19968K, 11% used [0x93080000,0x932ccfa0,0x94400000)
 PSPermGen       total 16384K, used 13990K [0x8b080000, 0x8c080000, 0x93080000)
  object space 16384K, 85% used [0x8b080000,0x8be29870,0x8c080000)
GC Heap History (6 events):
Event: 3.976 GC heap before
{Heap before GC invocations=1 (full 0):
 PSYoungGen      total 8960K, used 7936K [0xa85c0000, 0xa8f80000, 0xb3080000)
  eden space 7936K, 100% used [0xa85c0000,0xa8d80000,0xa8d80000)
  from space 1024K, 0% used [0xa8e80000,0xa8e80000,0xa8f80000)
  to   space 1024K, 0% used [0xa8d80000,0xa8d80000,0xa8e80000)
 ParOldGen       total 19968K, used 0K [0x93080000, 0x94400000, 0xa85c0000)
  object space 19968K, 0% used [0x93080000,0x93080000,0x94400000)
 PSPermGen       total 16384K, used 3485K [0x8b080000, 0x8c080000, 0x93080000)
  object space 16384K, 21% used [0x8b080000,0x8b3e77f8,0x8c080000)
Event: 3.980 GC heap after
Heap after GC invocations=1 (full 0):
 PSYoungGen      total 8960K, used 1017K [0xa85c0000, 0xa8f80000, 0xb3080000)
  eden space 7936K, 0% used [0xa85c0000,0xa85c0000,0xa8d80000)
  from space 1024K, 99% used [0xa8d80000,0xa8e7e538,0xa8e80000)
  to   space 1024K, 0% used [0xa8e80000,0xa8e80000,0xa8f80000)
 ParOldGen       total 19968K, used 482K [0x93080000, 0x94400000, 0xa85c0000)
  object space 19968K, 2% used [0x93080000,0x930f8988,0x94400000)
 PSPermGen       total 16384K, used 3485K [0x8b080000, 0x8c080000, 0x93080000)
  object space 16384K, 21% used [0x8b080000,0x8b3e77f8,0x8c080000)
}
Event: 4.366 GC heap before
{Heap before GC invocations=2 (full 0):
 PSYoungGen      total 8960K, used 8953K [0xa85c0000, 0xa8f80000, 0xb3080000)
  eden space 7936K, 100% used [0xa85c0000,0xa8d80000,0xa8d80000)
  from space 1024K, 99% used [0xa8d80000,0xa8e7e538,0xa8e80000)
  to   space 1024K, 0% used [0xa8e80000,0xa8e80000,0xa8f80000)
 ParOldGen       total 19968K, used 482K [0x93080000, 0x94400000, 0xa85c0000)
  object space 19968K, 2% used [0x93080000,0x930f8988,0x94400000)
 PSPermGen       total 16384K, used 4888K [0x8b080000, 0x8c080000, 0x93080000)
  object space 16384K, 29% used [0x8b080000,0x8b5460c8,0x8c080000)
Event: 4.371 GC heap after
Heap after GC invocations=2 (full 0):
 PSYoungGen      total 8960K, used 1008K [0xa85c0000, 0xa8f80000, 0xb3080000)
  eden space 7936K, 0% used [0xa85c0000,0xa85c0000,0xa8d80000)
  from space 1024K, 98% used [0xa8e80000,0xa8f7c090,0xa8f80000)
  to   space 1024K, 0% used [0xa8d80000,0xa8d80000,0xa8e80000)
 ParOldGen       total 19968K, used 1797K [0x93080000, 0x94400000, 0xa85c0000)
  object space 19968K, 9% used [0x93080000,0x93241548,0x94400000)
 PSPermGen       total 16384K, used 4888K [0x8b080000, 0x8c080000, 0x93080000)
  object space 16384K, 29% used [0x8b080000,0x8b5460c8,0x8c080000)
}
Event: 7.789 GC heap before
{Heap before GC invocations=3 (full 0):
 PSYoungGen      total 8960K, used 8944K [0xa85c0000, 0xa8f80000, 0xb3080000)
  eden space 7936K, 100% used [0xa85c0000,0xa8d80000,0xa8d80000)
  from space 1024K, 98% used [0xa8e80000,0xa8f7c090,0xa8f80000)
  to   space 1024K, 0% used [0xa8d80000,0xa8d80000,0xa8e80000)
 ParOldGen       total 19968K, used 1797K [0x93080000, 0x94400000, 0xa85c0000)
  object space 19968K, 9% used [0x93080000,0x93241548,0x94400000)
 PSPermGen       total 16384K, used 8290K [0x8b080000, 0x8c080000, 0x93080000)
  object space 16384K, 50% used [0x8b080000,0x8b898a30,0x8c080000)
Event: 7.795 GC heap after
Heap after GC invocations=3 (full 0):
 PSYoungGen      total 8960K, used 1008K [0xa85c0000, 0xa8f80000, 0xb3080000)
  eden space 7936K, 0% used [0xa85c0000,0xa85c0000,0xa8d80000)
  from space 1024K, 98% used [0xa8d80000,0xa8e7c020,0xa8e80000)
  to   space 1024K, 0% used [0xa8e80000,0xa8e80000,0xa8f80000)
 ParOldGen       total 19968K, used 2355K [0x93080000, 0x94400000, 0xa85c0000)
  object space 19968K, 11% used [0x93080000,0x932ccfa0,0x94400000)
 PSPermGen       total 16384K, used 8290K [0x8b080000, 0x8c080000, 0x93080000)
  object space 16384K, 50% used [0x8b080000,0x8b898a30,0x8c080000)
}

